2025-12-18 21:28:35.899 [main] INFO  c.ecommerce.project.SbComApplication - Starting SbComApplication using Java 17.0.11 with PID 14788 (E:\ecom\ecom-backend\target\classes started by bhagy in E:\ecom\ecom-backend)
2025-12-18 21:28:35.902 [main] DEBUG c.ecommerce.project.SbComApplication - Running with Spring Boot v3.5.4, Spring v6.2.9
2025-12-18 21:28:35.903 [main] INFO  c.ecommerce.project.SbComApplication - No active profile set, falling back to 1 default profile: "default"
2025-12-18 21:28:37.789 [main] INFO  o.s.d.r.c.RepositoryConfigurationDelegate - Multiple Spring Data modules found, entering strict repository configuration mode
2025-12-18 21:28:37.791 [main] INFO  o.s.d.r.c.RepositoryConfigurationDelegate - Bootstrapping Spring Data JPA repositories in DEFAULT mode.
2025-12-18 21:28:38.085 [main] INFO  o.s.d.r.c.RepositoryConfigurationDelegate - Finished Spring Data repository scanning in 277 ms. Found 10 JPA repository interfaces.
2025-12-18 21:28:38.123 [main] INFO  o.s.d.r.c.RepositoryConfigurationDelegate - Multiple Spring Data modules found, entering strict repository configuration mode
2025-12-18 21:28:38.125 [main] INFO  o.s.d.r.c.RepositoryConfigurationDelegate - Bootstrapping Spring Data Redis repositories in DEFAULT mode.
2025-12-18 21:28:38.159 [main] INFO  o.s.d.r.c.RepositoryConfigurationExtensionSupport - Spring Data Redis - Could not safely identify store assignment for repository candidate interface com.ecommerce.project.repositories.AddressRepository; If you want this repository to be a Redis repository, consider annotating your entities with one of these annotations: org.springframework.data.redis.core.RedisHash (preferred), or consider extending one of the following types with your repository: org.springframework.data.keyvalue.repository.KeyValueRepository
2025-12-18 21:28:38.160 [main] INFO  o.s.d.r.c.RepositoryConfigurationExtensionSupport - Spring Data Redis - Could not safely identify store assignment for repository candidate interface com.ecommerce.project.repositories.CartItemRepository; If you want this repository to be a Redis repository, consider annotating your entities with one of these annotations: org.springframework.data.redis.core.RedisHash (preferred), or consider extending one of the following types with your repository: org.springframework.data.keyvalue.repository.KeyValueRepository
2025-12-18 21:28:38.160 [main] INFO  o.s.d.r.c.RepositoryConfigurationExtensionSupport - Spring Data Redis - Could not safely identify store assignment for repository candidate interface com.ecommerce.project.repositories.CartRepository; If you want this repository to be a Redis repository, consider annotating your entities with one of these annotations: org.springframework.data.redis.core.RedisHash (preferred), or consider extending one of the following types with your repository: org.springframework.data.keyvalue.repository.KeyValueRepository
2025-12-18 21:28:38.161 [main] INFO  o.s.d.r.c.RepositoryConfigurationExtensionSupport - Spring Data Redis - Could not safely identify store assignment for repository candidate interface com.ecommerce.project.repositories.CategoryRepository; If you want this repository to be a Redis repository, consider annotating your entities with one of these annotations: org.springframework.data.redis.core.RedisHash (preferred), or consider extending one of the following types with your repository: org.springframework.data.keyvalue.repository.KeyValueRepository
2025-12-18 21:28:38.161 [main] INFO  o.s.d.r.c.RepositoryConfigurationExtensionSupport - Spring Data Redis - Could not safely identify store assignment for repository candidate interface com.ecommerce.project.repositories.OrderItemRepository; If you want this repository to be a Redis repository, consider annotating your entities with one of these annotations: org.springframework.data.redis.core.RedisHash (preferred), or consider extending one of the following types with your repository: org.springframework.data.keyvalue.repository.KeyValueRepository
2025-12-18 21:28:38.162 [main] INFO  o.s.d.r.c.RepositoryConfigurationExtensionSupport - Spring Data Redis - Could not safely identify store assignment for repository candidate interface com.ecommerce.project.repositories.OrderRepository; If you want this repository to be a Redis repository, consider annotating your entities with one of these annotations: org.springframework.data.redis.core.RedisHash (preferred), or consider extending one of the following types with your repository: org.springframework.data.keyvalue.repository.KeyValueRepository
2025-12-18 21:28:38.162 [main] INFO  o.s.d.r.c.RepositoryConfigurationExtensionSupport - Spring Data Redis - Could not safely identify store assignment for repository candidate interface com.ecommerce.project.repositories.PaymentRepository; If you want this repository to be a Redis repository, consider annotating your entities with one of these annotations: org.springframework.data.redis.core.RedisHash (preferred), or consider extending one of the following types with your repository: org.springframework.data.keyvalue.repository.KeyValueRepository
2025-12-18 21:28:38.162 [main] INFO  o.s.d.r.c.RepositoryConfigurationExtensionSupport - Spring Data Redis - Could not safely identify store assignment for repository candidate interface com.ecommerce.project.repositories.ProductRepository; If you want this repository to be a Redis repository, consider annotating your entities with one of these annotations: org.springframework.data.redis.core.RedisHash (preferred), or consider extending one of the following types with your repository: org.springframework.data.keyvalue.repository.KeyValueRepository
2025-12-18 21:28:38.162 [main] INFO  o.s.d.r.c.RepositoryConfigurationExtensionSupport - Spring Data Redis - Could not safely identify store assignment for repository candidate interface com.ecommerce.project.repositories.RoleRepository; If you want this repository to be a Redis repository, consider annotating your entities with one of these annotations: org.springframework.data.redis.core.RedisHash (preferred), or consider extending one of the following types with your repository: org.springframework.data.keyvalue.repository.KeyValueRepository
2025-12-18 21:28:38.163 [main] INFO  o.s.d.r.c.RepositoryConfigurationExtensionSupport - Spring Data Redis - Could not safely identify store assignment for repository candidate interface com.ecommerce.project.repositories.UserRepository; If you want this repository to be a Redis repository, consider annotating your entities with one of these annotations: org.springframework.data.redis.core.RedisHash (preferred), or consider extending one of the following types with your repository: org.springframework.data.keyvalue.repository.KeyValueRepository
2025-12-18 21:28:38.164 [main] INFO  o.s.d.r.c.RepositoryConfigurationDelegate - Finished Spring Data repository scanning in 24 ms. Found 0 Redis repository interfaces.
2025-12-18 21:28:39.350 [main] INFO  o.s.b.w.e.tomcat.TomcatWebServer - Tomcat initialized with port 8080 (http)
2025-12-18 21:28:39.372 [main] INFO  o.a.coyote.http11.Http11NioProtocol - Initializing ProtocolHandler ["http-nio-8080"]
2025-12-18 21:28:39.377 [main] INFO  o.a.catalina.core.StandardService - Starting service [Tomcat]
2025-12-18 21:28:39.378 [main] INFO  o.a.catalina.core.StandardEngine - Starting Servlet engine: [Apache Tomcat/10.1.43]
2025-12-18 21:28:39.502 [main] INFO  o.a.c.c.C.[Tomcat].[localhost].[/] - Initializing Spring embedded WebApplicationContext
2025-12-18 21:28:39.503 [main] INFO  o.s.b.w.s.c.ServletWebServerApplicationContext - Root WebApplicationContext: initialization completed in 3525 ms
2025-12-18 21:28:40.594 [main] INFO  o.s.o.j.p.SpringPersistenceUnitInfo - No LoadTimeWeaver setup: ignoring JPA class transformer
2025-12-18 21:28:40.636 [main] INFO  com.zaxxer.hikari.HikariDataSource - HikariPool-1 - Starting...
2025-12-18 21:28:41.301 [main] INFO  com.zaxxer.hikari.pool.HikariPool - HikariPool-1 - Added connection com.mysql.cj.jdbc.ConnectionImpl@6f67ece5
2025-12-18 21:28:41.307 [main] INFO  com.zaxxer.hikari.HikariDataSource - HikariPool-1 - Start completed.
2025-12-18 21:28:43.555 [main] INFO  o.s.o.j.LocalContainerEntityManagerFactoryBean - Initialized JPA EntityManagerFactory for persistence unit 'default'
2025-12-18 21:28:44.076 [main] INFO  o.s.d.j.r.query.QueryEnhancerFactory - Hibernate is in classpath; If applicable, HQL parser will be used.
2025-12-18 21:28:44.850 [main] DEBUG c.e.p.security.jwt.AuthTokenFilter - Filter 'authTokenFilter' configured for use
2025-12-18 21:28:44.850 [main] DEBUG c.e.p.security.jwt.AuthTokenFilter - Filter 'authenticationJwtTokenFilter' configured for use
2025-12-18 21:28:45.801 [main] INFO  o.s.s.c.a.a.c.InitializeAuthenticationProviderBeanManagerConfigurer$InitializeAuthenticationProviderManagerConfigurer - Global AuthenticationManager configured with AuthenticationProvider bean with name authenticationProvider
2025-12-18 21:28:45.802 [main] WARN  o.s.s.c.a.a.c.InitializeUserDetailsBeanManagerConfigurer$InitializeUserDetailsManagerConfigurer - Global AuthenticationManager configured with an AuthenticationProvider bean. UserDetailsService beans will not be used by Spring Security for automatically configuring username/password login. Consider removing the AuthenticationProvider bean. Alternatively, consider using the UserDetailsService in a manually instantiated DaoAuthenticationProvider. If the current configuration is intentional, to turn off this warning, increase the logging level of 'org.springframework.security.config.annotation.authentication.configuration.InitializeUserDetailsBeanManagerConfigurer' to ERROR
2025-12-18 21:28:46.768 [main] WARN  o.s.b.a.o.j.JpaBaseConfiguration$JpaWebConfiguration - spring.jpa.open-in-view is enabled by default. Therefore, database queries may be performed during view rendering. Explicitly configure spring.jpa.open-in-view to disable this warning
2025-12-18 21:28:47.485 [main] WARN  o.s.b.w.s.c.AnnotationConfigServletWebServerApplicationContext - Exception encountered during context initialization - cancelling refresh attempt: org.springframework.beans.factory.UnsatisfiedDependencyException: Error creating bean with name 'openAPIBuilder' defined in class path resource [org/springdoc/core/configuration/SpringDocConfiguration.class]: Unsatisfied dependency expressed through method 'openAPIBuilder' parameter 0: No qualifying bean of type 'io.swagger.v3.oas.models.OpenAPI' available: expected single matching bean but found 2: ecomOpenAPI,customOpenAPI
2025-12-18 21:28:47.508 [main] INFO  o.s.o.j.LocalContainerEntityManagerFactoryBean - Closing JPA EntityManagerFactory for persistence unit 'default'
2025-12-18 21:28:47.512 [main] INFO  com.zaxxer.hikari.HikariDataSource - HikariPool-1 - Shutdown initiated...
2025-12-18 21:28:47.528 [main] INFO  com.zaxxer.hikari.HikariDataSource - HikariPool-1 - Shutdown completed.
2025-12-18 21:28:47.531 [main] INFO  o.a.catalina.core.StandardService - Stopping service [Tomcat]
2025-12-18 21:28:47.551 [main] INFO  o.s.b.a.l.ConditionEvaluationReportLogger - 

Error starting ApplicationContext. To display the condition evaluation report re-run your application with 'debug' enabled.
2025-12-18 21:28:47.577 [main] ERROR o.s.b.d.LoggingFailureAnalysisReporter - 

***************************
APPLICATION FAILED TO START
***************************

Description:

Parameter 0 of method openAPIBuilder in org.springdoc.core.configuration.SpringDocConfiguration required a single bean, but 2 were found:
	- ecomOpenAPI: defined by method 'ecomOpenAPI' in class path resource [com/ecommerce/config/OpenApiConfig.class]
	- customOpenAPI: defined by method 'customOpenAPI' in class path resource [com/ecommerce/project/config/SwaggerConfig.class]

This may be due to missing parameter name information

Action:

Consider marking one of the beans as @Primary, updating the consumer to accept multiple beans, or using @Qualifier to identify the bean that should be consumed

Ensure that your compiler is configured to use the '-parameters' flag.
You may need to update both your build tool settings as well as your IDE.
(See https://github.com/spring-projects/spring-framework/wiki/Spring-Framework-6.1-Release-Notes#parameter-name-retention)


2025-12-18 21:31:51.326 [main] INFO  c.ecommerce.project.SbComApplication - Starting SbComApplication using Java 17.0.11 with PID 10384 (E:\ecom\ecom-backend\target\classes started by bhagy in E:\ecom\ecom-backend)
2025-12-18 21:31:51.333 [main] DEBUG c.ecommerce.project.SbComApplication - Running with Spring Boot v3.5.4, Spring v6.2.9
2025-12-18 21:31:51.335 [main] INFO  c.ecommerce.project.SbComApplication - No active profile set, falling back to 1 default profile: "default"
2025-12-18 21:31:54.413 [main] INFO  o.s.d.r.c.RepositoryConfigurationDelegate - Multiple Spring Data modules found, entering strict repository configuration mode
2025-12-18 21:31:54.418 [main] INFO  o.s.d.r.c.RepositoryConfigurationDelegate - Bootstrapping Spring Data JPA repositories in DEFAULT mode.
2025-12-18 21:31:54.957 [main] INFO  o.s.d.r.c.RepositoryConfigurationDelegate - Finished Spring Data repository scanning in 510 ms. Found 10 JPA repository interfaces.
2025-12-18 21:31:55.029 [main] INFO  o.s.d.r.c.RepositoryConfigurationDelegate - Multiple Spring Data modules found, entering strict repository configuration mode
2025-12-18 21:31:55.032 [main] INFO  o.s.d.r.c.RepositoryConfigurationDelegate - Bootstrapping Spring Data Redis repositories in DEFAULT mode.
2025-12-18 21:31:55.085 [main] INFO  o.s.d.r.c.RepositoryConfigurationExtensionSupport - Spring Data Redis - Could not safely identify store assignment for repository candidate interface com.ecommerce.project.repositories.AddressRepository; If you want this repository to be a Redis repository, consider annotating your entities with one of these annotations: org.springframework.data.redis.core.RedisHash (preferred), or consider extending one of the following types with your repository: org.springframework.data.keyvalue.repository.KeyValueRepository
2025-12-18 21:31:55.086 [main] INFO  o.s.d.r.c.RepositoryConfigurationExtensionSupport - Spring Data Redis - Could not safely identify store assignment for repository candidate interface com.ecommerce.project.repositories.CartItemRepository; If you want this repository to be a Redis repository, consider annotating your entities with one of these annotations: org.springframework.data.redis.core.RedisHash (preferred), or consider extending one of the following types with your repository: org.springframework.data.keyvalue.repository.KeyValueRepository
2025-12-18 21:31:55.086 [main] INFO  o.s.d.r.c.RepositoryConfigurationExtensionSupport - Spring Data Redis - Could not safely identify store assignment for repository candidate interface com.ecommerce.project.repositories.CartRepository; If you want this repository to be a Redis repository, consider annotating your entities with one of these annotations: org.springframework.data.redis.core.RedisHash (preferred), or consider extending one of the following types with your repository: org.springframework.data.keyvalue.repository.KeyValueRepository
2025-12-18 21:31:55.087 [main] INFO  o.s.d.r.c.RepositoryConfigurationExtensionSupport - Spring Data Redis - Could not safely identify store assignment for repository candidate interface com.ecommerce.project.repositories.CategoryRepository; If you want this repository to be a Redis repository, consider annotating your entities with one of these annotations: org.springframework.data.redis.core.RedisHash (preferred), or consider extending one of the following types with your repository: org.springframework.data.keyvalue.repository.KeyValueRepository
2025-12-18 21:31:55.088 [main] INFO  o.s.d.r.c.RepositoryConfigurationExtensionSupport - Spring Data Redis - Could not safely identify store assignment for repository candidate interface com.ecommerce.project.repositories.OrderItemRepository; If you want this repository to be a Redis repository, consider annotating your entities with one of these annotations: org.springframework.data.redis.core.RedisHash (preferred), or consider extending one of the following types with your repository: org.springframework.data.keyvalue.repository.KeyValueRepository
2025-12-18 21:31:55.089 [main] INFO  o.s.d.r.c.RepositoryConfigurationExtensionSupport - Spring Data Redis - Could not safely identify store assignment for repository candidate interface com.ecommerce.project.repositories.OrderRepository; If you want this repository to be a Redis repository, consider annotating your entities with one of these annotations: org.springframework.data.redis.core.RedisHash (preferred), or consider extending one of the following types with your repository: org.springframework.data.keyvalue.repository.KeyValueRepository
2025-12-18 21:31:55.089 [main] INFO  o.s.d.r.c.RepositoryConfigurationExtensionSupport - Spring Data Redis - Could not safely identify store assignment for repository candidate interface com.ecommerce.project.repositories.PaymentRepository; If you want this repository to be a Redis repository, consider annotating your entities with one of these annotations: org.springframework.data.redis.core.RedisHash (preferred), or consider extending one of the following types with your repository: org.springframework.data.keyvalue.repository.KeyValueRepository
2025-12-18 21:31:55.090 [main] INFO  o.s.d.r.c.RepositoryConfigurationExtensionSupport - Spring Data Redis - Could not safely identify store assignment for repository candidate interface com.ecommerce.project.repositories.ProductRepository; If you want this repository to be a Redis repository, consider annotating your entities with one of these annotations: org.springframework.data.redis.core.RedisHash (preferred), or consider extending one of the following types with your repository: org.springframework.data.keyvalue.repository.KeyValueRepository
2025-12-18 21:31:55.090 [main] INFO  o.s.d.r.c.RepositoryConfigurationExtensionSupport - Spring Data Redis - Could not safely identify store assignment for repository candidate interface com.ecommerce.project.repositories.RoleRepository; If you want this repository to be a Redis repository, consider annotating your entities with one of these annotations: org.springframework.data.redis.core.RedisHash (preferred), or consider extending one of the following types with your repository: org.springframework.data.keyvalue.repository.KeyValueRepository
2025-12-18 21:31:55.093 [main] INFO  o.s.d.r.c.RepositoryConfigurationExtensionSupport - Spring Data Redis - Could not safely identify store assignment for repository candidate interface com.ecommerce.project.repositories.UserRepository; If you want this repository to be a Redis repository, consider annotating your entities with one of these annotations: org.springframework.data.redis.core.RedisHash (preferred), or consider extending one of the following types with your repository: org.springframework.data.keyvalue.repository.KeyValueRepository
2025-12-18 21:31:55.093 [main] INFO  o.s.d.r.c.RepositoryConfigurationDelegate - Finished Spring Data repository scanning in 36 ms. Found 0 Redis repository interfaces.
2025-12-18 21:31:57.445 [main] INFO  o.s.b.w.e.tomcat.TomcatWebServer - Tomcat initialized with port 8080 (http)
2025-12-18 21:31:57.476 [main] INFO  o.a.coyote.http11.Http11NioProtocol - Initializing ProtocolHandler ["http-nio-8080"]
2025-12-18 21:31:57.485 [main] INFO  o.a.catalina.core.StandardService - Starting service [Tomcat]
2025-12-18 21:31:57.485 [main] INFO  o.a.catalina.core.StandardEngine - Starting Servlet engine: [Apache Tomcat/10.1.43]
2025-12-18 21:31:57.702 [main] INFO  o.a.c.c.C.[Tomcat].[localhost].[/] - Initializing Spring embedded WebApplicationContext
2025-12-18 21:31:57.704 [main] INFO  o.s.b.w.s.c.ServletWebServerApplicationContext - Root WebApplicationContext: initialization completed in 6282 ms
2025-12-18 21:31:59.249 [main] INFO  o.s.o.j.p.SpringPersistenceUnitInfo - No LoadTimeWeaver setup: ignoring JPA class transformer
2025-12-18 21:31:59.333 [main] INFO  com.zaxxer.hikari.HikariDataSource - HikariPool-1 - Starting...
2025-12-18 21:32:00.268 [main] INFO  com.zaxxer.hikari.pool.HikariPool - HikariPool-1 - Added connection com.mysql.cj.jdbc.ConnectionImpl@671f545b
2025-12-18 21:32:00.274 [main] INFO  com.zaxxer.hikari.HikariDataSource - HikariPool-1 - Start completed.
2025-12-18 21:32:04.343 [main] INFO  o.s.o.j.LocalContainerEntityManagerFactoryBean - Initialized JPA EntityManagerFactory for persistence unit 'default'
2025-12-18 21:32:05.306 [main] INFO  o.s.d.j.r.query.QueryEnhancerFactory - Hibernate is in classpath; If applicable, HQL parser will be used.
2025-12-18 21:32:07.082 [main] DEBUG c.e.p.security.jwt.AuthTokenFilter - Filter 'authTokenFilter' configured for use
2025-12-18 21:32:07.083 [main] DEBUG c.e.p.security.jwt.AuthTokenFilter - Filter 'authenticationJwtTokenFilter' configured for use
2025-12-18 21:32:08.687 [main] INFO  o.s.s.c.a.a.c.InitializeAuthenticationProviderBeanManagerConfigurer$InitializeAuthenticationProviderManagerConfigurer - Global AuthenticationManager configured with AuthenticationProvider bean with name authenticationProvider
2025-12-18 21:32:08.689 [main] WARN  o.s.s.c.a.a.c.InitializeUserDetailsBeanManagerConfigurer$InitializeUserDetailsManagerConfigurer - Global AuthenticationManager configured with an AuthenticationProvider bean. UserDetailsService beans will not be used by Spring Security for automatically configuring username/password login. Consider removing the AuthenticationProvider bean. Alternatively, consider using the UserDetailsService in a manually instantiated DaoAuthenticationProvider. If the current configuration is intentional, to turn off this warning, increase the logging level of 'org.springframework.security.config.annotation.authentication.configuration.InitializeUserDetailsBeanManagerConfigurer' to ERROR
2025-12-18 21:32:10.202 [main] WARN  o.s.b.a.o.j.JpaBaseConfiguration$JpaWebConfiguration - spring.jpa.open-in-view is enabled by default. Therefore, database queries may be performed during view rendering. Explicitly configure spring.jpa.open-in-view to disable this warning
2025-12-18 21:32:12.578 [main] INFO  o.a.coyote.http11.Http11NioProtocol - Starting ProtocolHandler ["http-nio-8080"]
2025-12-18 21:32:12.611 [main] INFO  o.s.b.w.e.tomcat.TomcatWebServer - Tomcat started on port 8080 (http) with context path '/'
2025-12-18 21:32:12.639 [main] INFO  c.ecommerce.project.SbComApplication - Started SbComApplication in 22.166 seconds (process running for 22.745)
2025-12-18 21:32:36.858 [SpringApplicationShutdownHook] INFO  o.s.b.w.e.tomcat.GracefulShutdown - Commencing graceful shutdown. Waiting for active requests to complete
2025-12-18 21:32:36.950 [tomcat-shutdown] INFO  o.s.b.w.e.tomcat.GracefulShutdown - Graceful shutdown complete
2025-12-18 21:32:36.992 [SpringApplicationShutdownHook] INFO  o.s.o.j.LocalContainerEntityManagerFactoryBean - Closing JPA EntityManagerFactory for persistence unit 'default'
2025-12-18 21:32:36.996 [SpringApplicationShutdownHook] INFO  com.zaxxer.hikari.HikariDataSource - HikariPool-1 - Shutdown initiated...
2025-12-18 21:32:37.006 [SpringApplicationShutdownHook] INFO  com.zaxxer.hikari.HikariDataSource - HikariPool-1 - Shutdown completed.
2025-12-18 21:32:39.630 [main] INFO  c.ecommerce.project.SbComApplication - Starting SbComApplication using Java 17.0.11 with PID 26392 (E:\ecom\ecom-backend\target\classes started by bhagy in E:\ecom\ecom-backend)
2025-12-18 21:32:39.636 [main] DEBUG c.ecommerce.project.SbComApplication - Running with Spring Boot v3.5.4, Spring v6.2.9
2025-12-18 21:32:39.637 [main] INFO  c.ecommerce.project.SbComApplication - No active profile set, falling back to 1 default profile: "default"
2025-12-18 21:32:41.276 [main] INFO  o.s.d.r.c.RepositoryConfigurationDelegate - Multiple Spring Data modules found, entering strict repository configuration mode
2025-12-18 21:32:41.279 [main] INFO  o.s.d.r.c.RepositoryConfigurationDelegate - Bootstrapping Spring Data JPA repositories in DEFAULT mode.
2025-12-18 21:32:41.525 [main] INFO  o.s.d.r.c.RepositoryConfigurationDelegate - Finished Spring Data repository scanning in 231 ms. Found 10 JPA repository interfaces.
2025-12-18 21:32:41.566 [main] INFO  o.s.d.r.c.RepositoryConfigurationDelegate - Multiple Spring Data modules found, entering strict repository configuration mode
2025-12-18 21:32:41.568 [main] INFO  o.s.d.r.c.RepositoryConfigurationDelegate - Bootstrapping Spring Data Redis repositories in DEFAULT mode.
2025-12-18 21:32:41.592 [main] INFO  o.s.d.r.c.RepositoryConfigurationExtensionSupport - Spring Data Redis - Could not safely identify store assignment for repository candidate interface com.ecommerce.project.repositories.AddressRepository; If you want this repository to be a Redis repository, consider annotating your entities with one of these annotations: org.springframework.data.redis.core.RedisHash (preferred), or consider extending one of the following types with your repository: org.springframework.data.keyvalue.repository.KeyValueRepository
2025-12-18 21:32:41.592 [main] INFO  o.s.d.r.c.RepositoryConfigurationExtensionSupport - Spring Data Redis - Could not safely identify store assignment for repository candidate interface com.ecommerce.project.repositories.CartItemRepository; If you want this repository to be a Redis repository, consider annotating your entities with one of these annotations: org.springframework.data.redis.core.RedisHash (preferred), or consider extending one of the following types with your repository: org.springframework.data.keyvalue.repository.KeyValueRepository
2025-12-18 21:32:41.593 [main] INFO  o.s.d.r.c.RepositoryConfigurationExtensionSupport - Spring Data Redis - Could not safely identify store assignment for repository candidate interface com.ecommerce.project.repositories.CartRepository; If you want this repository to be a Redis repository, consider annotating your entities with one of these annotations: org.springframework.data.redis.core.RedisHash (preferred), or consider extending one of the following types with your repository: org.springframework.data.keyvalue.repository.KeyValueRepository
2025-12-18 21:32:41.593 [main] INFO  o.s.d.r.c.RepositoryConfigurationExtensionSupport - Spring Data Redis - Could not safely identify store assignment for repository candidate interface com.ecommerce.project.repositories.CategoryRepository; If you want this repository to be a Redis repository, consider annotating your entities with one of these annotations: org.springframework.data.redis.core.RedisHash (preferred), or consider extending one of the following types with your repository: org.springframework.data.keyvalue.repository.KeyValueRepository
2025-12-18 21:32:41.593 [main] INFO  o.s.d.r.c.RepositoryConfigurationExtensionSupport - Spring Data Redis - Could not safely identify store assignment for repository candidate interface com.ecommerce.project.repositories.OrderItemRepository; If you want this repository to be a Redis repository, consider annotating your entities with one of these annotations: org.springframework.data.redis.core.RedisHash (preferred), or consider extending one of the following types with your repository: org.springframework.data.keyvalue.repository.KeyValueRepository
2025-12-18 21:32:41.594 [main] INFO  o.s.d.r.c.RepositoryConfigurationExtensionSupport - Spring Data Redis - Could not safely identify store assignment for repository candidate interface com.ecommerce.project.repositories.OrderRepository; If you want this repository to be a Redis repository, consider annotating your entities with one of these annotations: org.springframework.data.redis.core.RedisHash (preferred), or consider extending one of the following types with your repository: org.springframework.data.keyvalue.repository.KeyValueRepository
2025-12-18 21:32:41.594 [main] INFO  o.s.d.r.c.RepositoryConfigurationExtensionSupport - Spring Data Redis - Could not safely identify store assignment for repository candidate interface com.ecommerce.project.repositories.PaymentRepository; If you want this repository to be a Redis repository, consider annotating your entities with one of these annotations: org.springframework.data.redis.core.RedisHash (preferred), or consider extending one of the following types with your repository: org.springframework.data.keyvalue.repository.KeyValueRepository
2025-12-18 21:32:41.594 [main] INFO  o.s.d.r.c.RepositoryConfigurationExtensionSupport - Spring Data Redis - Could not safely identify store assignment for repository candidate interface com.ecommerce.project.repositories.ProductRepository; If you want this repository to be a Redis repository, consider annotating your entities with one of these annotations: org.springframework.data.redis.core.RedisHash (preferred), or consider extending one of the following types with your repository: org.springframework.data.keyvalue.repository.KeyValueRepository
2025-12-18 21:32:41.595 [main] INFO  o.s.d.r.c.RepositoryConfigurationExtensionSupport - Spring Data Redis - Could not safely identify store assignment for repository candidate interface com.ecommerce.project.repositories.RoleRepository; If you want this repository to be a Redis repository, consider annotating your entities with one of these annotations: org.springframework.data.redis.core.RedisHash (preferred), or consider extending one of the following types with your repository: org.springframework.data.keyvalue.repository.KeyValueRepository
2025-12-18 21:32:41.596 [main] INFO  o.s.d.r.c.RepositoryConfigurationExtensionSupport - Spring Data Redis - Could not safely identify store assignment for repository candidate interface com.ecommerce.project.repositories.UserRepository; If you want this repository to be a Redis repository, consider annotating your entities with one of these annotations: org.springframework.data.redis.core.RedisHash (preferred), or consider extending one of the following types with your repository: org.springframework.data.keyvalue.repository.KeyValueRepository
2025-12-18 21:32:41.596 [main] INFO  o.s.d.r.c.RepositoryConfigurationDelegate - Finished Spring Data repository scanning in 18 ms. Found 0 Redis repository interfaces.
2025-12-18 21:32:42.738 [main] INFO  o.s.b.w.e.tomcat.TomcatWebServer - Tomcat initialized with port 8080 (http)
2025-12-18 21:32:42.753 [main] INFO  o.a.coyote.http11.Http11NioProtocol - Initializing ProtocolHandler ["http-nio-8080"]
2025-12-18 21:32:42.757 [main] INFO  o.a.catalina.core.StandardService - Starting service [Tomcat]
2025-12-18 21:32:42.758 [main] INFO  o.a.catalina.core.StandardEngine - Starting Servlet engine: [Apache Tomcat/10.1.43]
2025-12-18 21:32:42.861 [main] INFO  o.a.c.c.C.[Tomcat].[localhost].[/] - Initializing Spring embedded WebApplicationContext
2025-12-18 21:32:42.862 [main] INFO  o.s.b.w.s.c.ServletWebServerApplicationContext - Root WebApplicationContext: initialization completed in 3142 ms
2025-12-18 21:32:43.615 [main] INFO  o.s.o.j.p.SpringPersistenceUnitInfo - No LoadTimeWeaver setup: ignoring JPA class transformer
2025-12-18 21:32:43.678 [main] INFO  com.zaxxer.hikari.HikariDataSource - HikariPool-1 - Starting...
2025-12-18 21:32:44.174 [main] INFO  com.zaxxer.hikari.pool.HikariPool - HikariPool-1 - Added connection com.mysql.cj.jdbc.ConnectionImpl@75c8d8e7
2025-12-18 21:32:44.177 [main] INFO  com.zaxxer.hikari.HikariDataSource - HikariPool-1 - Start completed.
2025-12-18 21:32:46.045 [main] INFO  o.s.o.j.LocalContainerEntityManagerFactoryBean - Initialized JPA EntityManagerFactory for persistence unit 'default'
2025-12-18 21:32:46.466 [main] INFO  o.s.d.j.r.query.QueryEnhancerFactory - Hibernate is in classpath; If applicable, HQL parser will be used.
2025-12-18 21:32:47.193 [main] DEBUG c.e.p.security.jwt.AuthTokenFilter - Filter 'authTokenFilter' configured for use
2025-12-18 21:32:47.194 [main] DEBUG c.e.p.security.jwt.AuthTokenFilter - Filter 'authenticationJwtTokenFilter' configured for use
2025-12-18 21:32:48.104 [main] INFO  o.s.s.c.a.a.c.InitializeAuthenticationProviderBeanManagerConfigurer$InitializeAuthenticationProviderManagerConfigurer - Global AuthenticationManager configured with AuthenticationProvider bean with name authenticationProvider
2025-12-18 21:32:48.104 [main] WARN  o.s.s.c.a.a.c.InitializeUserDetailsBeanManagerConfigurer$InitializeUserDetailsManagerConfigurer - Global AuthenticationManager configured with an AuthenticationProvider bean. UserDetailsService beans will not be used by Spring Security for automatically configuring username/password login. Consider removing the AuthenticationProvider bean. Alternatively, consider using the UserDetailsService in a manually instantiated DaoAuthenticationProvider. If the current configuration is intentional, to turn off this warning, increase the logging level of 'org.springframework.security.config.annotation.authentication.configuration.InitializeUserDetailsBeanManagerConfigurer' to ERROR
2025-12-18 21:32:48.911 [main] WARN  o.s.b.a.o.j.JpaBaseConfiguration$JpaWebConfiguration - spring.jpa.open-in-view is enabled by default. Therefore, database queries may be performed during view rendering. Explicitly configure spring.jpa.open-in-view to disable this warning
2025-12-18 21:32:50.023 [main] INFO  o.a.coyote.http11.Http11NioProtocol - Starting ProtocolHandler ["http-nio-8080"]
2025-12-18 21:32:50.041 [main] INFO  o.s.b.w.e.tomcat.TomcatWebServer - Tomcat started on port 8080 (http) with context path '/'
2025-12-18 21:32:50.061 [main] INFO  c.ecommerce.project.SbComApplication - Started SbComApplication in 11.242 seconds (process running for 11.895)
2025-12-18 21:33:01.838 [http-nio-8080-exec-1] INFO  o.a.c.c.C.[Tomcat].[localhost].[/] - Initializing Spring DispatcherServlet 'dispatcherServlet'
2025-12-18 21:33:01.839 [http-nio-8080-exec-1] INFO  o.s.web.servlet.DispatcherServlet - Initializing Servlet 'dispatcherServlet'
2025-12-18 21:33:01.843 [http-nio-8080-exec-1] INFO  o.s.web.servlet.DispatcherServlet - Completed initialization in 4 ms
2025-12-18 21:33:01.946 [http-nio-8080-exec-2] DEBUG c.e.p.security.jwt.AuthTokenFilter - AuthTokenFilter called for URI: /api/auth/signin
2025-12-18 21:33:02.347 [http-nio-8080-exec-2] DEBUG c.e.p.security.jwt.AuthTokenFilter - Roles from JWT: [ROLE_USER, ROLE_ADMIN, ROLE_SELLER]
2025-12-18 21:33:02.357 [http-nio-8080-exec-2] DEBUG c.e.p.security.jwt.AuthTokenFilter - AuthTokenFilter called for URI: /api/auth/signin
2025-12-18 21:33:02.377 [http-nio-8080-exec-2] DEBUG c.e.p.security.jwt.AuthTokenFilter - Roles from JWT: [ROLE_USER, ROLE_ADMIN, ROLE_SELLER]
2025-12-18 21:33:03.177 [http-nio-8080-exec-3] DEBUG c.e.p.security.jwt.AuthTokenFilter - AuthTokenFilter called for URI: /api/public/products
2025-12-18 21:33:03.199 [http-nio-8080-exec-3] DEBUG c.e.p.security.jwt.AuthTokenFilter - Roles from JWT: [ROLE_USER]
2025-12-18 21:33:03.201 [http-nio-8080-exec-3] DEBUG c.e.p.security.jwt.AuthTokenFilter - AuthTokenFilter called for URI: /api/public/products
2025-12-18 21:33:03.220 [http-nio-8080-exec-3] DEBUG c.e.p.security.jwt.AuthTokenFilter - Roles from JWT: [ROLE_USER]
2025-12-18 21:33:06.839 [http-nio-8080-exec-4] DEBUG c.e.p.security.jwt.AuthTokenFilter - AuthTokenFilter called for URI: /images/4123edcb-5b99-4250-88a0-49902100d535.jpg
2025-12-18 21:33:06.861 [http-nio-8080-exec-4] DEBUG c.e.p.security.jwt.AuthTokenFilter - Roles from JWT: [ROLE_USER]
2025-12-18 21:33:06.863 [http-nio-8080-exec-4] DEBUG c.e.p.security.jwt.AuthTokenFilter - AuthTokenFilter called for URI: /images/4123edcb-5b99-4250-88a0-49902100d535.jpg
2025-12-18 21:33:06.880 [http-nio-8080-exec-4] DEBUG c.e.p.security.jwt.AuthTokenFilter - Roles from JWT: [ROLE_USER]
2025-12-18 21:33:49.771 [http-nio-8080-exec-6] DEBUG c.e.p.security.jwt.AuthTokenFilter - AuthTokenFilter called for URI: /swagger-ui/index.html
2025-12-18 21:33:49.789 [http-nio-8080-exec-6] DEBUG c.e.p.security.jwt.AuthTokenFilter - Roles from JWT: [ROLE_USER]
2025-12-18 21:33:49.789 [http-nio-8080-exec-6] DEBUG c.e.p.security.jwt.AuthTokenFilter - AuthTokenFilter called for URI: /swagger-ui/index.html
2025-12-18 21:33:49.814 [http-nio-8080-exec-6] DEBUG c.e.p.security.jwt.AuthTokenFilter - Roles from JWT: [ROLE_USER]
2025-12-18 21:33:49.858 [http-nio-8080-exec-5] DEBUG c.e.p.security.jwt.AuthTokenFilter - AuthTokenFilter called for URI: /swagger-ui/swagger-ui.css
2025-12-18 21:33:49.858 [http-nio-8080-exec-7] DEBUG c.e.p.security.jwt.AuthTokenFilter - AuthTokenFilter called for URI: /swagger-ui/index.css
2025-12-18 21:33:49.859 [http-nio-8080-exec-9] DEBUG c.e.p.security.jwt.AuthTokenFilter - AuthTokenFilter called for URI: /swagger-ui/swagger-ui-standalone-preset.js
2025-12-18 21:33:49.859 [http-nio-8080-exec-10] DEBUG c.e.p.security.jwt.AuthTokenFilter - AuthTokenFilter called for URI: /swagger-ui/swagger-ui-bundle.js
2025-12-18 21:33:49.859 [http-nio-8080-exec-8] DEBUG c.e.p.security.jwt.AuthTokenFilter - AuthTokenFilter called for URI: /swagger-ui/swagger-initializer.js
2025-12-18 21:33:49.872 [http-nio-8080-exec-7] DEBUG c.e.p.security.jwt.AuthTokenFilter - Roles from JWT: [ROLE_USER]
2025-12-18 21:33:49.873 [http-nio-8080-exec-7] DEBUG c.e.p.security.jwt.AuthTokenFilter - AuthTokenFilter called for URI: /swagger-ui/index.css
2025-12-18 21:33:49.877 [http-nio-8080-exec-10] DEBUG c.e.p.security.jwt.AuthTokenFilter - Roles from JWT: [ROLE_USER]
2025-12-18 21:33:49.878 [http-nio-8080-exec-10] DEBUG c.e.p.security.jwt.AuthTokenFilter - AuthTokenFilter called for URI: /swagger-ui/swagger-ui-bundle.js
2025-12-18 21:33:49.884 [http-nio-8080-exec-8] DEBUG c.e.p.security.jwt.AuthTokenFilter - Roles from JWT: [ROLE_USER]
2025-12-18 21:33:49.885 [http-nio-8080-exec-8] DEBUG c.e.p.security.jwt.AuthTokenFilter - AuthTokenFilter called for URI: /swagger-ui/swagger-initializer.js
2025-12-18 21:33:49.886 [http-nio-8080-exec-7] DEBUG c.e.p.security.jwt.AuthTokenFilter - Roles from JWT: [ROLE_USER]
2025-12-18 21:33:49.892 [http-nio-8080-exec-9] DEBUG c.e.p.security.jwt.AuthTokenFilter - Roles from JWT: [ROLE_USER]
2025-12-18 21:33:49.893 [http-nio-8080-exec-9] DEBUG c.e.p.security.jwt.AuthTokenFilter - AuthTokenFilter called for URI: /swagger-ui/swagger-ui-standalone-preset.js
2025-12-18 21:33:49.895 [http-nio-8080-exec-10] DEBUG c.e.p.security.jwt.AuthTokenFilter - Roles from JWT: [ROLE_USER]
2025-12-18 21:33:49.915 [http-nio-8080-exec-5] DEBUG c.e.p.security.jwt.AuthTokenFilter - Roles from JWT: [ROLE_USER]
2025-12-18 21:33:49.919 [http-nio-8080-exec-5] DEBUG c.e.p.security.jwt.AuthTokenFilter - AuthTokenFilter called for URI: /swagger-ui/swagger-ui.css
2025-12-18 21:33:49.935 [http-nio-8080-exec-9] DEBUG c.e.p.security.jwt.AuthTokenFilter - Roles from JWT: [ROLE_USER]
2025-12-18 21:33:49.957 [http-nio-8080-exec-8] DEBUG c.e.p.security.jwt.AuthTokenFilter - Roles from JWT: [ROLE_USER]
2025-12-18 21:33:49.957 [http-nio-8080-exec-5] DEBUG c.e.p.security.jwt.AuthTokenFilter - Roles from JWT: [ROLE_USER]
2025-12-18 21:33:50.127 [http-nio-8080-exec-1] DEBUG c.e.p.security.jwt.AuthTokenFilter - AuthTokenFilter called for URI: /v3/api-docs/swagger-config
2025-12-18 21:33:50.131 [http-nio-8080-exec-2] DEBUG c.e.p.security.jwt.AuthTokenFilter - AuthTokenFilter called for URI: /swagger-ui/favicon-32x32.png
2025-12-18 21:33:50.144 [http-nio-8080-exec-1] DEBUG c.e.p.security.jwt.AuthTokenFilter - Roles from JWT: [ROLE_USER]
2025-12-18 21:33:50.144 [http-nio-8080-exec-1] DEBUG c.e.p.security.jwt.AuthTokenFilter - AuthTokenFilter called for URI: /v3/api-docs/swagger-config
2025-12-18 21:33:50.146 [http-nio-8080-exec-2] DEBUG c.e.p.security.jwt.AuthTokenFilter - Roles from JWT: [ROLE_USER]
2025-12-18 21:33:50.146 [http-nio-8080-exec-2] DEBUG c.e.p.security.jwt.AuthTokenFilter - AuthTokenFilter called for URI: /swagger-ui/favicon-32x32.png
2025-12-18 21:33:50.158 [http-nio-8080-exec-1] DEBUG c.e.p.security.jwt.AuthTokenFilter - Roles from JWT: [ROLE_USER]
2025-12-18 21:33:50.161 [http-nio-8080-exec-2] DEBUG c.e.p.security.jwt.AuthTokenFilter - Roles from JWT: [ROLE_USER]
2025-12-18 21:33:50.183 [http-nio-8080-exec-3] DEBUG c.e.p.security.jwt.AuthTokenFilter - AuthTokenFilter called for URI: /v3/api-docs
2025-12-18 21:33:50.199 [http-nio-8080-exec-3] DEBUG c.e.p.security.jwt.AuthTokenFilter - Roles from JWT: [ROLE_USER]
2025-12-18 21:33:50.200 [http-nio-8080-exec-3] DEBUG c.e.p.security.jwt.AuthTokenFilter - AuthTokenFilter called for URI: /v3/api-docs
2025-12-18 21:33:50.215 [http-nio-8080-exec-3] DEBUG c.e.p.security.jwt.AuthTokenFilter - Roles from JWT: [ROLE_USER]
2025-12-18 21:33:51.565 [http-nio-8080-exec-3] INFO  o.s.api.AbstractOpenApiResource - Init duration for springdoc-openapi is: 1344 ms
2025-12-18 21:34:27.000 [http-nio-8080-exec-7] DEBUG c.e.p.security.jwt.AuthTokenFilter - AuthTokenFilter called for URI: /api/ai/summarize
2025-12-18 21:34:27.021 [http-nio-8080-exec-7] DEBUG c.e.p.security.jwt.AuthTokenFilter - Roles from JWT: [ROLE_USER]
2025-12-18 21:34:27.024 [http-nio-8080-exec-7] DEBUG c.e.p.security.jwt.AuthTokenFilter - AuthTokenFilter called for URI: /api/ai/summarize
2025-12-18 21:34:27.038 [http-nio-8080-exec-7] DEBUG c.e.p.security.jwt.AuthTokenFilter - Roles from JWT: [ROLE_USER]
2025-12-18 21:42:52.816 [http-nio-8080-exec-4] DEBUG c.e.p.security.jwt.AuthTokenFilter - AuthTokenFilter called for URI: /images/4123edcb-5b99-4250-88a0-49902100d535.jpg
2025-12-18 21:42:52.845 [http-nio-8080-exec-4] DEBUG c.e.p.security.jwt.AuthTokenFilter - Roles from JWT: [ROLE_USER]
2025-12-18 21:42:52.846 [http-nio-8080-exec-4] DEBUG c.e.p.security.jwt.AuthTokenFilter - AuthTokenFilter called for URI: /images/4123edcb-5b99-4250-88a0-49902100d535.jpg
2025-12-18 21:42:52.865 [http-nio-8080-exec-4] DEBUG c.e.p.security.jwt.AuthTokenFilter - Roles from JWT: [ROLE_USER]
2025-12-18 21:42:59.221 [http-nio-8080-exec-6] DEBUG c.e.p.security.jwt.AuthTokenFilter - AuthTokenFilter called for URI: /images/4123edcb-5b99-4250-88a0-49902100d535.jpg
2025-12-18 21:42:59.278 [http-nio-8080-exec-6] DEBUG c.e.p.security.jwt.AuthTokenFilter - Roles from JWT: [ROLE_USER]
2025-12-18 21:42:59.278 [http-nio-8080-exec-6] DEBUG c.e.p.security.jwt.AuthTokenFilter - AuthTokenFilter called for URI: /images/4123edcb-5b99-4250-88a0-49902100d535.jpg
2025-12-18 21:42:59.295 [http-nio-8080-exec-6] DEBUG c.e.p.security.jwt.AuthTokenFilter - Roles from JWT: [ROLE_USER]
2025-12-18 21:43:22.987 [http-nio-8080-exec-7] DEBUG c.e.p.security.jwt.AuthTokenFilter - AuthTokenFilter called for URI: /api/addresses
2025-12-18 21:43:23.005 [http-nio-8080-exec-7] DEBUG c.e.p.security.jwt.AuthTokenFilter - Roles from JWT: [ROLE_USER]
2025-12-18 21:43:23.006 [http-nio-8080-exec-7] DEBUG c.e.p.security.jwt.AuthTokenFilter - AuthTokenFilter called for URI: /api/addresses
2025-12-18 21:43:23.021 [http-nio-8080-exec-7] DEBUG c.e.p.security.jwt.AuthTokenFilter - Roles from JWT: [ROLE_USER]
2025-12-18 21:43:44.795 [http-nio-8080-exec-10] DEBUG c.e.p.security.jwt.AuthTokenFilter - AuthTokenFilter called for URI: /api/addresses
2025-12-18 21:43:44.815 [http-nio-8080-exec-10] DEBUG c.e.p.security.jwt.AuthTokenFilter - Roles from JWT: [ROLE_USER]
2025-12-18 21:43:44.816 [http-nio-8080-exec-10] DEBUG c.e.p.security.jwt.AuthTokenFilter - AuthTokenFilter called for URI: /api/addresses
2025-12-18 21:43:44.836 [http-nio-8080-exec-10] DEBUG c.e.p.security.jwt.AuthTokenFilter - Roles from JWT: [ROLE_USER]
2025-12-18 21:44:14.763 [SpringApplicationShutdownHook] INFO  o.s.b.w.e.tomcat.GracefulShutdown - Commencing graceful shutdown. Waiting for active requests to complete
2025-12-18 21:44:14.841 [tomcat-shutdown] INFO  o.s.b.w.e.tomcat.GracefulShutdown - Graceful shutdown complete
2025-12-18 21:44:16.964 [SpringApplicationShutdownHook] INFO  o.s.o.j.LocalContainerEntityManagerFactoryBean - Closing JPA EntityManagerFactory for persistence unit 'default'
2025-12-18 21:44:16.976 [SpringApplicationShutdownHook] INFO  com.zaxxer.hikari.HikariDataSource - HikariPool-1 - Shutdown initiated...
2025-12-18 21:44:16.993 [SpringApplicationShutdownHook] INFO  com.zaxxer.hikari.HikariDataSource - HikariPool-1 - Shutdown completed.
